<?xml version="1.0" encoding="UTF-8"?>
<testsuites>
  <testsuite name="/app/phpunit.xml" tests="60" assertions="8670" errors="0" failures="0" skipped="0" time="0.114259">
    <testsuite name="Unit" tests="60" assertions="8670" errors="0" failures="0" skipped="0" time="0.114259">
      <testsuite name="Tests\Unit\Queues\AbstractQueueTest" file="/app/tests/Unit/Queues/AbstractQueueTest.php" tests="4" assertions="4" errors="0" failures="0" skipped="0" time="0.013736">
        <testcase name="testCanAck" file="/app/tests/Unit/Queues/AbstractQueueTest.php" line="66" class="Tests\Unit\Queues\AbstractQueueTest" classname="Tests.Unit.Queues.AbstractQueueTest" assertions="0" time="0.012581"/>
        <testcase name="testCanNack" file="/app/tests/Unit/Queues/AbstractQueueTest.php" line="77" class="Tests\Unit\Queues\AbstractQueueTest" classname="Tests.Unit.Queues.AbstractQueueTest" assertions="0" time="0.000112"/>
        <testcase name="testCanConsume" file="/app/tests/Unit/Queues/AbstractQueueTest.php" line="45" class="Tests\Unit\Queues\AbstractQueueTest" classname="Tests.Unit.Queues.AbstractQueueTest" assertions="4" time="0.000917"/>
        <testcase name="testCanPublish" file="/app/tests/Unit/Queues/AbstractQueueTest.php" line="55" class="Tests\Unit\Queues\AbstractQueueTest" classname="Tests.Unit.Queues.AbstractQueueTest" assertions="0" time="0.000126"/>
      </testsuite>
      <testsuite name="Tests\Unit\Strategies\AbstractEventStrategyTest" file="/app/tests/Unit/Strategies/AbstractEventStrategyTest.php" tests="3" assertions="2" errors="0" failures="0" skipped="0" time="0.000534">
        <testcase name="testCanHandleValidMessage" file="/app/tests/Unit/Strategies/AbstractEventStrategyTest.php" line="25" class="Tests\Unit\Strategies\AbstractEventStrategyTest" classname="Tests.Unit.Strategies.AbstractEventStrategyTest" assertions="0" time="0.000156"/>
        <testcase name="testValidatesRequiredFields" file="/app/tests/Unit/Strategies/AbstractEventStrategyTest.php" line="50" class="Tests\Unit\Strategies\AbstractEventStrategyTest" classname="Tests.Unit.Strategies.AbstractEventStrategyTest" assertions="0" time="0.000095"/>
        <testcase name="testThrowsExceptionForInvalidMessage" file="/app/tests/Unit/Strategies/AbstractEventStrategyTest.php" line="37" class="Tests\Unit\Strategies\AbstractEventStrategyTest" classname="Tests.Unit.Strategies.AbstractEventStrategyTest" assertions="2" time="0.000283"/>
      </testsuite>
      <testsuite name="Tests\Unit\Consumers\KafkaConsumerTest" file="/app/tests/Unit/Consumers/KafkaConsumerTest.php" tests="9" assertions="58" errors="0" failures="0" skipped="0" time="0.006992">
        <testcase name="testConsumerTypeIdentification" file="/app/tests/Unit/Consumers/KafkaConsumerTest.php" line="208" class="Tests\Unit\Consumers\KafkaConsumerTest" classname="Tests.Unit.Consumers.KafkaConsumerTest" assertions="2" time="0.004519"/>
        <testcase name="testConstructorWithDefaultConfig" file="/app/tests/Unit/Consumers/KafkaConsumerTest.php" line="44" class="Tests\Unit\Consumers\KafkaConsumerTest" classname="Tests.Unit.Consumers.KafkaConsumerTest" assertions="7" time="0.000239"/>
        <testcase name="testConstructorWithCustomConfig" file="/app/tests/Unit/Consumers/KafkaConsumerTest.php" line="63" class="Tests\Unit\Consumers\KafkaConsumerTest" classname="Tests.Unit.Consumers.KafkaConsumerTest" assertions="6" time="0.000148"/>
        <testcase name="testPerformanceMetricsInitialization" file="/app/tests/Unit/Consumers/KafkaConsumerTest.php" line="160" class="Tests\Unit\Consumers\KafkaConsumerTest" classname="Tests.Unit.Consumers.KafkaConsumerTest" assertions="9" time="0.000152"/>
        <testcase name="testHighPerformanceConfiguration" file="/app/tests/Unit/Consumers/KafkaConsumerTest.php" line="177" class="Tests\Unit\Consumers\KafkaConsumerTest" classname="Tests.Unit.Consumers.KafkaConsumerTest" assertions="6" time="0.000104"/>
        <testcase name="testPerformanceMetricsDefaultValues" file="/app/tests/Unit/Consumers/KafkaConsumerTest.php" line="215" class="Tests\Unit\Consumers\KafkaConsumerTest" classname="Tests.Unit.Consumers.KafkaConsumerTest" assertions="10" time="0.000204"/>
        <testcase name="testGetMetricsStructure" file="/app/tests/Unit/Consumers/KafkaConsumerTest.php" line="91" class="Tests\Unit\Consumers\KafkaConsumerTest" classname="Tests.Unit.Consumers.KafkaConsumerTest" assertions="15" time="0.000376"/>
        <testcase name="testConsumeBatchRequiresKafkaQueue" file="/app/tests/Unit/Consumers/KafkaConsumerTest.php" line="142" class="Tests\Unit\Consumers\KafkaConsumerTest" classname="Tests.Unit.Consumers.KafkaConsumerTest" assertions="0" time="0.000393"/>
        <testcase name="testGetMetricsWithKafkaQueue" file="/app/tests/Unit/Consumers/KafkaConsumerTest.php" line="124" class="Tests\Unit\Consumers\KafkaConsumerTest" classname="Tests.Unit.Consumers.KafkaConsumerTest" assertions="3" time="0.000858"/>
      </testsuite>
      <testsuite name="Tests\Unit\DTOs\PublishMessageDTOTest" file="/app/tests/Unit/DTOs/PublishMessageDTOTest.php" tests="8" assertions="12" errors="0" failures="0" skipped="0" time="0.000712">
        <testcase name="testToArrayReturnsAllData" file="/app/tests/Unit/DTOs/PublishMessageDTOTest.php" line="57" class="Tests\Unit\DTOs\PublishMessageDTOTest" classname="Tests.Unit.DTOs.PublishMessageDTOTest" assertions="1" time="0.000123"/>
        <testcase name="testJsonSerialize" file="/app/tests/Unit/DTOs/PublishMessageDTOTest.php" line="71" class="Tests\Unit\DTOs\PublishMessageDTOTest" classname="Tests.Unit.DTOs.PublishMessageDTOTest" assertions="1" time="0.000108"/>
        <testcase name="testCanCreatePublishMessageDTO" file="/app/tests/Unit/DTOs/PublishMessageDTOTest.php" line="12" class="Tests\Unit\DTOs\PublishMessageDTOTest" classname="Tests.Unit.DTOs.PublishMessageDTOTest" assertions="2" time="0.000074"/>
        <testcase name="testCanCreateWithMinimalData" file="/app/tests/Unit/DTOs/PublishMessageDTOTest.php" line="25" class="Tests\Unit\DTOs\PublishMessageDTOTest" classname="Tests.Unit.DTOs.PublishMessageDTOTest" assertions="2" time="0.000092"/>
        <testcase name="testCanCreateWithBodyOnly" file="/app/tests/Unit/DTOs/PublishMessageDTOTest.php" line="33" class="Tests\Unit\DTOs\PublishMessageDTOTest" classname="Tests.Unit.DTOs.PublishMessageDTOTest" assertions="2" time="0.000063"/>
        <testcase name="testCanCreateWithHeadersOnly" file="/app/tests/Unit/DTOs/PublishMessageDTOTest.php" line="45" class="Tests\Unit\DTOs\PublishMessageDTOTest" classname="Tests.Unit.DTOs.PublishMessageDTOTest" assertions="2" time="0.000056"/>
        <testcase name="testToArrayWithoutKey" file="/app/tests/Unit/DTOs/PublishMessageDTOTest.php" line="86" class="Tests\Unit\DTOs\PublishMessageDTOTest" classname="Tests.Unit.DTOs.PublishMessageDTOTest" assertions="1" time="0.000091"/>
        <testcase name="testJsonSerializeWithoutKey" file="/app/tests/Unit/DTOs/PublishMessageDTOTest.php" line="105" class="Tests\Unit\DTOs\PublishMessageDTOTest" classname="Tests.Unit.DTOs.PublishMessageDTOTest" assertions="1" time="0.000105"/>
      </testsuite>
      <testsuite name="Tests\Unit\LoadTestDTOsTest" file="/app/tests/Unit/LoadTestDTOsTest.php" tests="5" assertions="8522" errors="0" failures="0" skipped="0" time="0.088832">
        <testcase name="testMemoryUsageWithManyDTOs" file="/app/tests/Unit/LoadTestDTOsTest.php" line="129" class="Tests\Unit\LoadTestDTOsTest" classname="Tests.Unit.LoadTestDTOsTest" assertions="1" time="0.000894"/>
        <testcase name="testDTOsPerformanceWithLargeDataset" file="/app/tests/Unit/LoadTestDTOsTest.php" line="16" class="Tests\Unit\LoadTestDTOsTest" classname="Tests.Unit.LoadTestDTOsTest" assertions="7001" time="0.075376"/>
        <testcase name="testDataConsistency" file="/app/tests/Unit/LoadTestDTOsTest.php" line="206" class="Tests\Unit\LoadTestDTOsTest" classname="Tests.Unit.LoadTestDTOsTest" assertions="7" time="0.000192"/>
        <testcase name="testEdgeCasesValidation" file="/app/tests/Unit/LoadTestDTOsTest.php" line="167" class="Tests\Unit\LoadTestDTOsTest" classname="Tests.Unit.LoadTestDTOsTest" assertions="12" time="0.000415"/>
        <testcase name="testSerializationPerformance" file="/app/tests/Unit/LoadTestDTOsTest.php" line="82" class="Tests\Unit\LoadTestDTOsTest" classname="Tests.Unit.LoadTestDTOsTest" assertions="1501" time="0.011956"/>
      </testsuite>
      <testsuite name="Tests\Unit\Queues\KafkaQueueTest" file="/app/tests/Unit/Queues/KafkaQueueTest.php" tests="10" assertions="42" errors="0" failures="0" skipped="0" time="0.001552">
        <testcase name="testConstructorWithDefaultConfig" file="/app/tests/Unit/Queues/KafkaQueueTest.php" line="41" class="Tests\Unit\Queues\KafkaQueueTest" classname="Tests.Unit.Queues.KafkaQueueTest" assertions="2" time="0.000163"/>
        <testcase name="testConstructorWithCustomConfig" file="/app/tests/Unit/Queues/KafkaQueueTest.php" line="54" class="Tests\Unit\Queues\KafkaQueueTest" classname="Tests.Unit.Queues.KafkaQueueTest" assertions="2" time="0.000198"/>
        <testcase name="testPublishMessageDTOStructure" file="/app/tests/Unit/Queues/KafkaQueueTest.php" line="178" class="Tests\Unit\Queues\KafkaQueueTest" classname="Tests.Unit.Queues.KafkaQueueTest" assertions="2" time="0.000088"/>
        <testcase name="testConsumerMessageDTOStructure" file="/app/tests/Unit/Queues/KafkaQueueTest.php" line="189" class="Tests\Unit\Queues\KafkaQueueTest" classname="Tests.Unit.Queues.KafkaQueueTest" assertions="3" time="0.000163"/>
        <testcase name="testHighPerformanceConfigurationValues" file="/app/tests/Unit/Queues/KafkaQueueTest.php" line="67" class="Tests\Unit\Queues\KafkaQueueTest" classname="Tests.Unit.Queues.KafkaQueueTest" assertions="10" time="0.000108"/>
        <testcase name="testConfigurationCalculations" file="/app/tests/Unit/Queues/KafkaQueueTest.php" line="82" class="Tests\Unit\Queues\KafkaQueueTest" classname="Tests.Unit.Queues.KafkaQueueTest" assertions="3" time="0.000071"/>
        <testcase name="testMetricsStructureDefinition" file="/app/tests/Unit/Queues/KafkaQueueTest.php" line="95" class="Tests\Unit\Queues\KafkaQueueTest" classname="Tests.Unit.Queues.KafkaQueueTest" assertions="6" time="0.000130"/>
        <testcase name="testCompressionTypes" file="/app/tests/Unit/Queues/KafkaQueueTest.php" line="148" class="Tests\Unit\Queues\KafkaQueueTest" classname="Tests.Unit.Queues.KafkaQueueTest" assertions="2" time="0.000244"/>
        <testcase name="testPerformanceSettings" file="/app/tests/Unit/Queues/KafkaQueueTest.php" line="156" class="Tests\Unit\Queues\KafkaQueueTest" classname="Tests.Unit.Queues.KafkaQueueTest" assertions="7" time="0.000081"/>
        <testcase name="testBatchSizeLimits" file="/app/tests/Unit/Queues/KafkaQueueTest.php" line="168" class="Tests\Unit\Queues\KafkaQueueTest" classname="Tests.Unit.Queues.KafkaQueueTest" assertions="5" time="0.000306"/>
      </testsuite>
      <testsuite name="Tests\Unit\Strategies\ExampleEventStrategyTest" file="/app/tests/Unit/Strategies/ExampleEventStrategyTest.php" tests="2" assertions="1" errors="0" failures="0" skipped="0" time="0.000296">
        <testcase name="testProcessMethodIsImplemented" file="/app/tests/Unit/Strategies/ExampleEventStrategyTest.php" line="31" class="Tests\Unit\Strategies\ExampleEventStrategyTest" classname="Tests.Unit.Strategies.ExampleEventStrategyTest" assertions="1" time="0.000207"/>
        <testcase name="testCanHandleMessage" file="/app/tests/Unit/Strategies/ExampleEventStrategyTest.php" line="20" class="Tests\Unit\Strategies\ExampleEventStrategyTest" classname="Tests.Unit.Strategies.ExampleEventStrategyTest" assertions="0" time="0.000089"/>
      </testsuite>
      <testsuite name="Tests\Unit\ConsumerMessageQueueDTOTest" file="/app/tests/Unit/ConsumerMessageQueueDTOTest.php" tests="5" assertions="11" errors="0" failures="0" skipped="0" time="0.000426">
        <testcase name="testCanCreateConsumerMessageQueueDTO" file="/app/tests/Unit/ConsumerMessageQueueDTOTest.php" line="12" class="Tests\Unit\ConsumerMessageQueueDTOTest" classname="Tests.Unit.ConsumerMessageQueueDTOTest" assertions="4" time="0.000095"/>
        <testcase name="testCanCreateWithMinimalData" file="/app/tests/Unit/ConsumerMessageQueueDTOTest.php" line="29" class="Tests\Unit\ConsumerMessageQueueDTOTest" classname="Tests.Unit.ConsumerMessageQueueDTOTest" assertions="4" time="0.000138"/>
        <testcase name="testToArrayReturnsAllData" file="/app/tests/Unit/ConsumerMessageQueueDTOTest.php" line="39" class="Tests\Unit\ConsumerMessageQueueDTOTest" classname="Tests.Unit.ConsumerMessageQueueDTOTest" assertions="1" time="0.000101"/>
        <testcase name="testGetKeyReturnsCorrectValue" file="/app/tests/Unit/ConsumerMessageQueueDTOTest.php" line="54" class="Tests\Unit\ConsumerMessageQueueDTOTest" classname="Tests.Unit.ConsumerMessageQueueDTOTest" assertions="1" time="0.000047"/>
        <testcase name="testGetKeyReturnsNullWhenNotSet" file="/app/tests/Unit/ConsumerMessageQueueDTOTest.php" line="61" class="Tests\Unit\ConsumerMessageQueueDTOTest" classname="Tests.Unit.ConsumerMessageQueueDTOTest" assertions="1" time="0.000045"/>
      </testsuite>
      <testsuite name="Tests\Unit\PublishMessageQueueDTOTest" file="/app/tests/Unit/DTOs/PublishMessageQueueDTOTest.php" tests="7" assertions="11" errors="0" failures="0" skipped="0" time="0.000568">
        <testcase name="testCanCreatePublishMessageQueueDTO" file="/app/tests/Unit/DTOs/PublishMessageQueueDTOTest.php" line="12" class="Tests\Unit\PublishMessageQueueDTOTest" classname="Tests.Unit.PublishMessageQueueDTOTest" assertions="3" time="0.000078"/>
        <testcase name="testCanCreateWithMinimalData" file="/app/tests/Unit/DTOs/PublishMessageQueueDTOTest.php" line="27" class="Tests\Unit\PublishMessageQueueDTOTest" classname="Tests.Unit.PublishMessageQueueDTOTest" assertions="3" time="0.000060"/>
        <testcase name="testToArrayReturnsAllData" file="/app/tests/Unit/DTOs/PublishMessageQueueDTOTest.php" line="36" class="Tests\Unit\PublishMessageQueueDTOTest" classname="Tests.Unit.PublishMessageQueueDTOTest" assertions="1" time="0.000091"/>
        <testcase name="testJsonSerializeReturnsCorrectData" file="/app/tests/Unit/DTOs/PublishMessageQueueDTOTest.php" line="50" class="Tests\Unit\PublishMessageQueueDTOTest" classname="Tests.Unit.PublishMessageQueueDTOTest" assertions="1" time="0.000119"/>
        <testcase name="testGetKeyReturnsCorrectValue" file="/app/tests/Unit/DTOs/PublishMessageQueueDTOTest.php" line="64" class="Tests\Unit\PublishMessageQueueDTOTest" classname="Tests.Unit.PublishMessageQueueDTOTest" assertions="1" time="0.000060"/>
        <testcase name="testGetKeyReturnsNullWhenNotSet" file="/app/tests/Unit/DTOs/PublishMessageQueueDTOTest.php" line="71" class="Tests\Unit\PublishMessageQueueDTOTest" classname="Tests.Unit.PublishMessageQueueDTOTest" assertions="1" time="0.000050"/>
        <testcase name="testJsonEncodeWorksCorrectly" file="/app/tests/Unit/DTOs/PublishMessageQueueDTOTest.php" line="78" class="Tests\Unit\PublishMessageQueueDTOTest" classname="Tests.Unit.PublishMessageQueueDTOTest" assertions="1" time="0.000110"/>
      </testsuite>
      <testsuite name="Tests\Unit\EventStrategyFactoryTest" file="/app/tests/Unit/EventStrategyFactoryTest.php" tests="6" assertions="6" errors="0" failures="0" skipped="0" time="0.000555">
        <testcase name="testCanCreateFactory" file="/app/tests/Unit/EventStrategyFactoryTest.php" line="13" class="Tests\Unit\EventStrategyFactoryTest" classname="Tests.Unit.EventStrategyFactoryTest" assertions="1" time="0.000066"/>
        <testcase name="testCanGetStrategy" file="/app/tests/Unit/EventStrategyFactoryTest.php" line="24" class="Tests\Unit\EventStrategyFactoryTest" classname="Tests.Unit.EventStrategyFactoryTest" assertions="1" time="0.000061"/>
        <testcase name="testReturnsNullForUnknownTopic" file="/app/tests/Unit/EventStrategyFactoryTest.php" line="36" class="Tests\Unit\EventStrategyFactoryTest" classname="Tests.Unit.EventStrategyFactoryTest" assertions="1" time="0.000067"/>
        <testcase name="testCanAddMapping" file="/app/tests/Unit/EventStrategyFactoryTest.php" line="44" class="Tests\Unit\EventStrategyFactoryTest" classname="Tests.Unit.EventStrategyFactoryTest" assertions="1" time="0.000072"/>
        <testcase name="testCachesStrategies" file="/app/tests/Unit/EventStrategyFactoryTest.php" line="52" class="Tests\Unit\EventStrategyFactoryTest" classname="Tests.Unit.EventStrategyFactoryTest" assertions="1" time="0.000206"/>
        <testcase name="testGetAvailableTopics" file="/app/tests/Unit/EventStrategyFactoryTest.php" line="66" class="Tests\Unit\EventStrategyFactoryTest" classname="Tests.Unit.EventStrategyFactoryTest" assertions="1" time="0.000082"/>
      </testsuite>
      <testsuite name="Tests\Unit\ExampleTest" file="/app/tests/Unit/ExampleTest.php" tests="1" assertions="1" errors="0" failures="0" skipped="0" time="0.000056">
        <testcase name="testThatTrueIsTrue" file="/app/tests/Unit/ExampleTest.php" line="14" class="Tests\Unit\ExampleTest" classname="Tests.Unit.ExampleTest" assertions="1" time="0.000056"/>
      </testsuite>
    </testsuite>
  </testsuite>
</testsuites>
